Determining if the pthread_create exist failed with the following output:
Change Dir: /home/rikirobot/catkin_ws/build/CMakeFiles/CMakeTmp

Run Build Command:"/usr/bin/make" "cmTC_04a70/fast"
/usr/bin/make -f CMakeFiles/cmTC_04a70.dir/build.make CMakeFiles/cmTC_04a70.dir/build
make[1]: Entering directory '/home/rikirobot/catkin_ws/build/CMakeFiles/CMakeTmp'
Building C object CMakeFiles/cmTC_04a70.dir/CheckSymbolExists.c.o
/usr/bin/cc     -o CMakeFiles/cmTC_04a70.dir/CheckSymbolExists.c.o   -c /home/rikirobot/catkin_ws/build/CMakeFiles/CMakeTmp/CheckSymbolExists.c
Linking C executable cmTC_04a70
/usr/bin/cmake -E cmake_link_script CMakeFiles/cmTC_04a70.dir/link.txt --verbose=1
/usr/bin/cc       CMakeFiles/cmTC_04a70.dir/CheckSymbolExists.c.o  -o cmTC_04a70 -rdynamic 
CMakeFiles/cmTC_04a70.dir/CheckSymbolExists.c.o: In function `main':
CheckSymbolExists.c:(.text+0xe): undefined reference to `pthread_create'
CheckSymbolExists.c:(.text+0x12): undefined reference to `pthread_create'
collect2: error: ld returned 1 exit status
CMakeFiles/cmTC_04a70.dir/build.make:97: recipe for target 'cmTC_04a70' failed
make[1]: *** [cmTC_04a70] Error 1
make[1]: Leaving directory '/home/rikirobot/catkin_ws/build/CMakeFiles/CMakeTmp'
Makefile:126: recipe for target 'cmTC_04a70/fast' failed
make: *** [cmTC_04a70/fast] Error 2

File /home/rikirobot/catkin_ws/build/CMakeFiles/CMakeTmp/CheckSymbolExists.c:
/* */
#include <pthread.h>

int main(int argc, char** argv)
{
  (void)argv;
#ifndef pthread_create
  return ((int*)(&pthread_create))[argc];
#else
  (void)argc;
  return 0;
#endif
}

Determining if the function pthread_create exists in the pthreads failed with the following output:
Change Dir: /home/rikirobot/catkin_ws/build/CMakeFiles/CMakeTmp

Run Build Command:"/usr/bin/make" "cmTC_b2c68/fast"
/usr/bin/make -f CMakeFiles/cmTC_b2c68.dir/build.make CMakeFiles/cmTC_b2c68.dir/build
make[1]: Entering directory '/home/rikirobot/catkin_ws/build/CMakeFiles/CMakeTmp'
Building C object CMakeFiles/cmTC_b2c68.dir/CheckFunctionExists.c.o
/usr/bin/cc    -DCHECK_FUNCTION_EXISTS=pthread_create   -o CMakeFiles/cmTC_b2c68.dir/CheckFunctionExists.c.o   -c /usr/share/cmake-3.5/Modules/CheckFunctionExists.c
Linking C executable cmTC_b2c68
/usr/bin/cmake -E cmake_link_script CMakeFiles/cmTC_b2c68.dir/link.txt --verbose=1
/usr/bin/cc   -DCHECK_FUNCTION_EXISTS=pthread_create    CMakeFiles/cmTC_b2c68.dir/CheckFunctionExists.c.o  -o cmTC_b2c68 -rdynamic -lpthreads 
/usr/bin/ld: cannot find -lpthreads
collect2: error: ld returned 1 exit status
CMakeFiles/cmTC_b2c68.dir/build.make:97: recipe for target 'cmTC_b2c68' failed
make[1]: *** [cmTC_b2c68] Error 1
make[1]: Leaving directory '/home/rikirobot/catkin_ws/build/CMakeFiles/CMakeTmp'
Makefile:126: recipe for target 'cmTC_b2c68/fast' failed
make: *** [cmTC_b2c68/fast] Error 2


Determining if the Q_WS_WIN exist failed with the following output:
Change Dir: /home/rikirobot/catkin_ws/build/CMakeFiles/CMakeTmp

Run Build Command:"/usr/bin/make" "cmTC_4f040/fast"
/usr/bin/make -f CMakeFiles/cmTC_4f040.dir/build.make CMakeFiles/cmTC_4f040.dir/build
make[1]: Entering directory '/home/rikirobot/catkin_ws/build/CMakeFiles/CMakeTmp'
Building CXX object CMakeFiles/cmTC_4f040.dir/CheckSymbolExists.cxx.o
/usr/bin/c++    -I/usr/include/qt4   -o CMakeFiles/cmTC_4f040.dir/CheckSymbolExists.cxx.o -c /home/rikirobot/catkin_ws/build/CMakeFiles/CMakeTmp/CheckSymbolExists.cxx
/home/rikirobot/catkin_ws/build/CMakeFiles/CMakeTmp/CheckSymbolExists.cxx: In function ‘int main(int, char**)’:
/home/rikirobot/catkin_ws/build/CMakeFiles/CMakeTmp/CheckSymbolExists.cxx:8:19: error: ‘Q_WS_WIN’ was not declared in this scope
   return ((int*)(&Q_WS_WIN))[argc];
                   ^
CMakeFiles/cmTC_4f040.dir/build.make:65: recipe for target 'CMakeFiles/cmTC_4f040.dir/CheckSymbolExists.cxx.o' failed
make[1]: *** [CMakeFiles/cmTC_4f040.dir/CheckSymbolExists.cxx.o] Error 1
make[1]: Leaving directory '/home/rikirobot/catkin_ws/build/CMakeFiles/CMakeTmp'
Makefile:126: recipe for target 'cmTC_4f040/fast' failed
make: *** [cmTC_4f040/fast] Error 2

File /home/rikirobot/catkin_ws/build/CMakeFiles/CMakeTmp/CheckSymbolExists.cxx:
/* */
#include <QtCore/qglobal.h>

int main(int argc, char** argv)
{
  (void)argv;
#ifndef Q_WS_WIN
  return ((int*)(&Q_WS_WIN))[argc];
#else
  (void)argc;
  return 0;
#endif
}

Determining if the Q_WS_QWS exist failed with the following output:
Change Dir: /home/rikirobot/catkin_ws/build/CMakeFiles/CMakeTmp

Run Build Command:"/usr/bin/make" "cmTC_2e1ad/fast"
/usr/bin/make -f CMakeFiles/cmTC_2e1ad.dir/build.make CMakeFiles/cmTC_2e1ad.dir/build
make[1]: Entering directory '/home/rikirobot/catkin_ws/build/CMakeFiles/CMakeTmp'
Building CXX object CMakeFiles/cmTC_2e1ad.dir/CheckSymbolExists.cxx.o
/usr/bin/c++    -I/usr/include/qt4   -o CMakeFiles/cmTC_2e1ad.dir/CheckSymbolExists.cxx.o -c /home/rikirobot/catkin_ws/build/CMakeFiles/CMakeTmp/CheckSymbolExists.cxx
/home/rikirobot/catkin_ws/build/CMakeFiles/CMakeTmp/CheckSymbolExists.cxx: In function ‘int main(int, char**)’:
/home/rikirobot/catkin_ws/build/CMakeFiles/CMakeTmp/CheckSymbolExists.cxx:8:19: error: ‘Q_WS_QWS’ was not declared in this scope
   return ((int*)(&Q_WS_QWS))[argc];
                   ^
CMakeFiles/cmTC_2e1ad.dir/build.make:65: recipe for target 'CMakeFiles/cmTC_2e1ad.dir/CheckSymbolExists.cxx.o' failed
make[1]: *** [CMakeFiles/cmTC_2e1ad.dir/CheckSymbolExists.cxx.o] Error 1
make[1]: Leaving directory '/home/rikirobot/catkin_ws/build/CMakeFiles/CMakeTmp'
Makefile:126: recipe for target 'cmTC_2e1ad/fast' failed
make: *** [cmTC_2e1ad/fast] Error 2

File /home/rikirobot/catkin_ws/build/CMakeFiles/CMakeTmp/CheckSymbolExists.cxx:
/* */
#include <QtCore/qglobal.h>

int main(int argc, char** argv)
{
  (void)argv;
#ifndef Q_WS_QWS
  return ((int*)(&Q_WS_QWS))[argc];
#else
  (void)argc;
  return 0;
#endif
}

Determining if the Q_WS_MAC exist failed with the following output:
Change Dir: /home/rikirobot/catkin_ws/build/CMakeFiles/CMakeTmp

Run Build Command:"/usr/bin/make" "cmTC_34d66/fast"
/usr/bin/make -f CMakeFiles/cmTC_34d66.dir/build.make CMakeFiles/cmTC_34d66.dir/build
make[1]: Entering directory '/home/rikirobot/catkin_ws/build/CMakeFiles/CMakeTmp'
Building CXX object CMakeFiles/cmTC_34d66.dir/CheckSymbolExists.cxx.o
/usr/bin/c++    -I/usr/include/qt4   -o CMakeFiles/cmTC_34d66.dir/CheckSymbolExists.cxx.o -c /home/rikirobot/catkin_ws/build/CMakeFiles/CMakeTmp/CheckSymbolExists.cxx
/home/rikirobot/catkin_ws/build/CMakeFiles/CMakeTmp/CheckSymbolExists.cxx: In function ‘int main(int, char**)’:
/home/rikirobot/catkin_ws/build/CMakeFiles/CMakeTmp/CheckSymbolExists.cxx:8:19: error: ‘Q_WS_MAC’ was not declared in this scope
   return ((int*)(&Q_WS_MAC))[argc];
                   ^
CMakeFiles/cmTC_34d66.dir/build.make:65: recipe for target 'CMakeFiles/cmTC_34d66.dir/CheckSymbolExists.cxx.o' failed
make[1]: *** [CMakeFiles/cmTC_34d66.dir/CheckSymbolExists.cxx.o] Error 1
make[1]: Leaving directory '/home/rikirobot/catkin_ws/build/CMakeFiles/CMakeTmp'
Makefile:126: recipe for target 'cmTC_34d66/fast' failed
make: *** [cmTC_34d66/fast] Error 2

File /home/rikirobot/catkin_ws/build/CMakeFiles/CMakeTmp/CheckSymbolExists.cxx:
/* */
#include <QtCore/qglobal.h>

int main(int argc, char** argv)
{
  (void)argv;
#ifndef Q_WS_MAC
  return ((int*)(&Q_WS_MAC))[argc];
#else
  (void)argc;
  return 0;
#endif
}

